<?xml version="1.0" encoding="UTF-8"?>
<testng-results ignored="0" total="1" passed="1" failed="0" skipped="0">
  <reporter-output>
  </reporter-output>
  <suite started-at="2024-03-11T14:11:30 UTC" name="Command line suite" finished-at="2024-03-11T14:11:30 UTC" duration-ms="13">
    <groups>
    </groups>
    <test started-at="2024-03-11T14:11:30 UTC" name="Command line test" finished-at="2024-03-11T14:11:30 UTC" duration-ms="13">
      <class name="ma3q1.ma3q1.AppTest">
        <test-method signature="testApp()[pri:0, instance:testApp(ma3q1.ma3q1.AppTest)]" started-at="2024-03-11T14:11:30 UTC" name="testApp" finished-at="2024-03-11T14:11:30 UTC" duration-ms="1" status="PASS">
          <reporter-output>
          </reporter-output>
        </test-method> <!-- testApp -->
      </class> <!-- ma3q1.ma3q1.AppTest -->
    </test> <!-- Command line test -->
  </suite> <!-- Command line suite -->
</testng-results>
