<?xml version="1.0" encoding="UTF-8"?>
<testng-results ignored="0" total="1" passed="1" failed="0" skipped="0">
  <reporter-output>
  </reporter-output>
  <suite started-at="2024-03-11T14:11:30 UTC" name="Command line suite" finished-at="2024-03-11T14:11:30 UTC" duration-ms="84">
    <groups>
    </groups>
    <test started-at="2024-03-11T14:11:30 UTC" name="Command line test" finished-at="2024-03-11T14:11:30 UTC" duration-ms="84">
      <class name="ma3q1.NewTest">
        <test-method is-config="true" signature="beforeTest()[pri:0, instance:ma3q1.NewTest@58134517]" started-at="2024-03-11T14:11:30 UTC" name="beforeTest" finished-at="2024-03-11T14:11:30 UTC" duration-ms="21" status="PASS">
          <reporter-output>
          </reporter-output>
        </test-method> <!-- beforeTest -->
        <test-method signature="f()[pri:1, instance:ma3q1.NewTest@58134517]" started-at="2024-03-11T14:11:30 UTC" name="f" finished-at="2024-03-11T14:11:30 UTC" duration-ms="3" status="PASS">
          <reporter-output>
          </reporter-output>
        </test-method> <!-- f -->
        <test-method is-config="true" signature="afterTest()[pri:0, instance:ma3q1.NewTest@58134517]" started-at="2024-03-11T14:11:30 UTC" name="afterTest" finished-at="2024-03-11T14:11:30 UTC" duration-ms="1" status="PASS">
          <reporter-output>
          </reporter-output>
        </test-method> <!-- afterTest -->
      </class> <!-- ma3q1.NewTest -->
    </test> <!-- Command line test -->
  </suite> <!-- Command line suite -->
</testng-results>
